PRESTo v1.0 - (C) Luca Elia for RISSC-Lab
Running on Linux, 64-bit executable

==================================================================================================
    Libraries

      Name |            Expected Version: |               Found Version:
==================================================================================================
     Slink |               2.6 (2016.290) |                          n/a
       SDL | 2.0.16 (https://github.com/libsdl-org/SDL.git@25f9ed87ff6947d9576fc9d79dee0784e638ac58) | 2.0.16 (https://github.com/libsdl-org/SDL.git@25f9ed87ff6947d9576fc9d79dee0784e638ac58)
 SDL_image |                        2.0.5 |                        2.0.5
 SDL_mixer |                        2.0.4 |                        2.0.4
   SDL_net |                        2.0.1 |                        2.0.1
       PNG |                       1.6.37 |                       1.6.37
==================================================================================================

==================================================================================================
    Command Line Arguments
==================================================================================================
    AD    
==================================================================================================

2021-09-06 09:56:52.86: FATAL ERROR
Configuration file "config/config.txt" is not accessible.